{
  "stats": {
    "suites": 0,
    "tests": 4,
    "passes": 3,
    "pending": 0,
    "failures": 1,
    "start": "2022-06-05T15:11:01.024Z",
    "end": "2022-06-05T15:11:33.148Z",
    "duration": 32124,
    "testsRegistered": 4,
    "passPercent": 75,
    "pendingPercent": 0,
    "other": 0,
    "hasOther": false,
    "skipped": 0,
    "hasSkipped": false
  },
  "results": [
    {
      "uuid": "ea20ff52-d586-4463-bec8-eeceae9f15e7",
      "title": "",
      "fullFile": "cypress/integration/bajaj.js",
      "file": "cypress/integration/bajaj.js",
      "beforeHooks": [],
      "afterHooks": [],
      "tests": [
        {
          "title": "Search Bajaj Finserv Health on google",
          "fullTitle": "Search Bajaj Finserv Health on google",
          "timedOut": null,
          "duration": 12204,
          "state": "passed",
          "speed": "slow",
          "pass": true,
          "fail": false,
          "pending": false,
          "context": null,
          "code": "cy.visit('https://www.google.com');\ncy.get('.gLFyf').type('Bajaj FInserv Health Limited{Enter}');",
          "err": {},
          "uuid": "8c67366a-773f-463a-8abf-e70bafcc080d",
          "parentUUID": "ea20ff52-d586-4463-bec8-eeceae9f15e7",
          "isHook": false,
          "skipped": false
        },
        {
          "title": "Open Bajaj Finserv Health",
          "fullTitle": "Open Bajaj Finserv Health",
          "timedOut": null,
          "duration": 11956,
          "state": "passed",
          "speed": "slow",
          "pass": true,
          "fail": false,
          "pending": false,
          "context": null,
          "code": "cy.wait(3000);\ncy.get(':nth-child(1) > .g > .jtfYYd > .jGGQ5e > .yuRUbf > a > .TbwUpd > .iUh30').click();",
          "err": {},
          "uuid": "ba83381b-fb4f-4d65-acec-a6d5dcad8f0f",
          "parentUUID": "ea20ff52-d586-4463-bec8-eeceae9f15e7",
          "isHook": false,
          "skipped": false
        },
        {
          "title": "Search Doctor",
          "fullTitle": "Search Doctor",
          "timedOut": null,
          "duration": 4100,
          "state": "passed",
          "speed": "fast",
          "pass": true,
          "fail": false,
          "pending": false,
          "context": null,
          "code": "cy.get('#searchBarInput').type('Doctor{Enter}');\ncy.wait(3000);\ncy.scrollTo(0, 500);\ncy.get('button').contains('Book Appointment').first().click();",
          "err": {},
          "uuid": "7b94513c-a215-4189-b017-0df311a997dc",
          "parentUUID": "ea20ff52-d586-4463-bec8-eeceae9f15e7",
          "isHook": false,
          "skipped": false
        },
        {
          "title": "Select Slot",
          "fullTitle": "Select Slot",
          "timedOut": null,
          "duration": 853,
          "state": "failed",
          "speed": null,
          "pass": false,
          "fail": true,
          "pending": false,
          "context": null,
          "code": "cy.wait(2000);\ncy.get('div[class=slotTimeContainer]').find('span[class=MuiButton-label]').first().then(function (text1) {\n  cy.get('div[class=slotTimeContainer]').find('span[class=MuiButton-label]').first().click();\n  cy.get('[data-testid=\"appointment-time\"]').invoke('text').then(text2 => {\n    expect(text2).to.eq(text1.text());\n  });\n});",
          "err": {
            "message": "Error: The following error originated from your application code, not from Cypress.\n\n  > ResizeObserver loop limit exceeded\n\nWhen Cypress detects uncaught errors originating from your application it will automatically fail the current test.\n\nThis behavior is configurable, and you can choose to turn this off by listening to the `uncaught:exception` event.\n\nhttps://on.cypress.io/uncaught-exception-from-application",
            "estack": "Error: The following error originated from your application code, not from Cypress.\n\n  > ResizeObserver loop limit exceeded\n\nWhen Cypress detects uncaught errors originating from your application it will automatically fail the current test.\n\nThis behavior is configurable, and you can choose to turn this off by listening to the `uncaught:exception` event.\n\nhttps://on.cypress.io/uncaught-exception-from-application\n  at <unknown> (https://www.bajajfinservhealth.in/appointment/slots?doctor=west-delhi%2Fdermatologist%2Fdr-vanya-narayan&type=econsult&product=&offer=Flat75&journey=:0:0)",
            "diff": null
          },
          "uuid": "d2f2a73f-67a4-4293-9138-75c622b09c0d",
          "parentUUID": "ea20ff52-d586-4463-bec8-eeceae9f15e7",
          "isHook": false,
          "skipped": false
        }
      ],
      "suites": [],
      "passes": [
        "8c67366a-773f-463a-8abf-e70bafcc080d",
        "ba83381b-fb4f-4d65-acec-a6d5dcad8f0f",
        "7b94513c-a215-4189-b017-0df311a997dc"
      ],
      "failures": [
        "d2f2a73f-67a4-4293-9138-75c622b09c0d"
      ],
      "pending": [],
      "skipped": [],
      "duration": 29113,
      "root": true,
      "rootEmpty": false,
      "_timeout": 2000
    }
  ],
  "meta": {
    "mocha": {
      "version": "7.0.1"
    },
    "mochawesome": {
      "options": {
        "quiet": false,
        "reportFilename": "mochawesome",
        "saveHtml": true,
        "saveJson": true,
        "consoleReporter": "spec",
        "useInlineDiffs": false,
        "code": true
      },
      "version": "7.1.3"
    },
    "marge": {
      "options": null,
      "version": "6.2.0"
    }
  }
}